[INFO] Scanning for projects...
[INFO] 
[INFO] ------------------< com.citaclick:citaclick-backend >-------------------
[INFO] Building Cita Click API 1.0.0
[INFO]   from pom.xml
[INFO] --------------------------------[ jar ]---------------------------------
[INFO] 
[INFO] >>> spring-boot:3.2.1:run (default-cli) > test-compile @ citaclick-backend >>>
[WARNING] The artifact com.itextpdf:itext7-core:pom:8.0.2 has been relocated to com.itextpdf:itext-core:pom:8.0.2
[INFO] 
[INFO] --- jacoco:0.8.11:prepare-agent (default) @ citaclick-backend ---
[INFO] argLine set to -javaagent:/Users/albertoespejel/.m2/repository/org/jacoco/org.jacoco.agent/0.8.11/org.jacoco.agent-0.8.11-runtime.jar=destfile=/Users/albertoespejel/Documents/Develop/SaaS/cita-click/cita-click-backend/target/jacoco.exec
[INFO] 
[INFO] --- resources:3.3.1:resources (default-resources) @ citaclick-backend ---
[INFO] Copying 1 resource from src/main/resources to target/classes
[INFO] Copying 6 resources from src/main/resources to target/classes
[INFO] 
[INFO] --- compiler:3.11.0:compile (default-compile) @ citaclick-backend ---
[INFO] Nothing to compile - all classes are up to date
[INFO] 
[INFO] --- resources:3.3.1:testResources (default-testResources) @ citaclick-backend ---
[INFO] Copying 1 resource from src/test/resources to target/test-classes
[INFO] 
[INFO] --- compiler:3.11.0:testCompile (default-testCompile) @ citaclick-backend ---
[INFO] Nothing to compile - all classes are up to date
[INFO] 
[INFO] <<< spring-boot:3.2.1:run (default-cli) < test-compile @ citaclick-backend <<<
[INFO] 
[INFO] 
[INFO] --- spring-boot:3.2.1:run (default-cli) @ citaclick-backend ---
[INFO] Attaching agents: []
Standard Commons Logging discovery in action with spring-jcl: please remove commons-logging.jar from classpath in order to avoid potential conflicts

  .   ____          _            __ _ _
 /\\ / ___'_ __ _ _(_)_ __  __ _ \ \ \ \
( ( )\___ | '_ | '_| | '_ \/ _` | \ \ \ \
 \\/  ___)| |_)| | | | | || (_| |  ) ) ) )
  '  |____| .__|_| |_|_| |_\__, | / / / /
 =========|_|==============|___/=/_/_/_/
 :: Spring Boot ::                (v3.2.1)

2026-01-30 17:53:55 INFO  [main] c.r.ReservasBackendApplication - Starting ReservasBackendApplication using Java 21.0.7 with PID 56111 (/Users/albertoespejel/Documents/Develop/SaaS/cita-click/cita-click-backend/target/classes started by albertoespejel in /Users/albertoespejel/Documents/Develop/SaaS/cita-click/cita-click-backend)
2026-01-30 17:53:55 INFO  [main] c.r.ReservasBackendApplication - No active profile set, falling back to 1 default profile: "default"
Standard Commons Logging discovery in action with spring-jcl: please remove commons-logging.jar from classpath in order to avoid potential conflicts
2026-01-30 17:53:56 WARN  [main] org.hibernate.orm.deprecation - HHH90000025: PostgreSQLDialect does not need to be specified explicitly using 'hibernate.dialect' (remove the property setting and it will be selected by default)
2026-01-30 17:54:03 INFO  [main] c.r.b.stripe.StripeBillingProvider - [Stripe Billing] Inicializado correctamente
2026-01-30 17:54:03 INFO  [main] c.r.service.PlanLimitesService - [PlanLimitesService] Verificando límites de planes...
2026-01-30 17:54:05 INFO  [main] c.r.service.PlanLimitesService - [PlanLimitesService] Verificación de límites completada
2026-01-30 17:54:05 INFO  [main] c.r.n.twilio.TwilioWhatsAppProvider - [Twilio WhatsApp]  Inicializado correctamente - From: +14155238886
2026-01-30 17:54:05 INFO  [main] c.r.n.sendgrid.SendGridEmailProvider - [SendGrid]  Inicializado correctamente - From: Cita Click <info@citaclick.com.mx>
2026-01-30 17:54:05 INFO  [main] c.r.p.stripe.StripePaymentProvider - [Stripe Payment] Inicializado - Comisión por defecto: 5.0%
2026-01-30 17:54:05 INFO  [main] c.r.service.FileStorageService - Directorio de almacenamiento creado en: /Users/albertoespejel/Documents/Develop/SaaS/cita-click/cita-click-backend/uploads/logos
2026-01-30 17:54:05 INFO  [main] c.r.p.s.StripeConnectAccountProvider - [Stripe Connect] Inicializado correctamente
2026-01-30 17:54:05 INFO  [main] com.reservas.service.StripeService - [Stripe] Servicio inicializado con API Key
2026-01-30 17:54:05 INFO  [main] com.reservas.service.SmsService - ✅ Twilio inicializado correctamente
2026-01-30 17:54:05 INFO  [main] c.r.ReservasBackendApplication - Started ReservasBackendApplication in 10.466 seconds (process running for 10.592)
2026-01-30 17:55:11 INFO  [http-nio-8080-exec-1] c.r.controller.StripeController - [StripeController] POST /api/pagos/checkout - Plan: premium - Usuario: espejel.alberto1905@gmail.com
2026-01-30 17:55:11 INFO  [http-nio-8080-exec-1] com.reservas.service.StripeService - [Stripe] Creando sesión de checkout para plan: premium - usuario: espejel.alberto1905@gmail.com
2026-01-30 17:55:12 INFO  [http-nio-8080-exec-1] com.reservas.service.StripeService - [Stripe]  Cliente creado en Stripe: cus_TtDywPFDSUBIsn para negocio: Alberto Raul's Business
2026-01-30 17:55:12 ERROR [http-nio-8080-exec-1] com.reservas.service.StripeService - [Stripe] Error creando sesión de checkout
com.stripe.exception.InvalidRequestException: No such price: 'price_1SpIyDFsWV55VVmHubJGXR4b'; code: resource_missing; request-id: req_VoyxfMlzLbJz7v
	at com.stripe.net.LiveStripeResponseGetter.handleApiError(LiveStripeResponseGetter.java:182)
	at com.stripe.net.LiveStripeResponseGetter.handleError(LiveStripeResponseGetter.java:143)
	at com.stripe.net.LiveStripeResponseGetter.request(LiveStripeResponseGetter.java:67)
	at com.stripe.model.checkout.Session.create(Session.java:531)
	at com.stripe.model.checkout.Session.create(Session.java:522)
	at com.reservas.service.StripeService.crearCheckoutSession(StripeService.java:132)
	at java.base/jdk.internal.reflect.DirectMethodHandleAccessor.invoke(DirectMethodHandleAccessor.java:103)
	at java.base/java.lang.reflect.Method.invoke(Method.java:580)
	at org.springframework.aop.support.AopUtils.invokeJoinpointUsingReflection(AopUtils.java:352)
	at org.springframework.aop.framework.ReflectiveMethodInvocation.invokeJoinpoint(ReflectiveMethodInvocation.java:196)
	at org.springframework.aop.framework.ReflectiveMethodInvocation.proceed(ReflectiveMethodInvocation.java:163)
	at org.springframework.aop.framework.CglibAopProxy$CglibMethodInvocation.proceed(CglibAopProxy.java:765)
	at org.springframework.transaction.interceptor.TransactionInterceptor$1.proceedWithInvocation(TransactionInterceptor.java:123)
	at org.springframework.transaction.interceptor.TransactionAspectSupport.invokeWithinTransaction(TransactionAspectSupport.java:385)
	at org.springframework.transaction.interceptor.TransactionInterceptor.invoke(TransactionInterceptor.java:119)
	at org.springframework.aop.framework.ReflectiveMethodInvocation.proceed(ReflectiveMethodInvocation.java:184)
	at org.springframework.aop.framework.CglibAopProxy$CglibMethodInvocation.proceed(CglibAopProxy.java:765)
	at org.springframework.aop.framework.CglibAopProxy$DynamicAdvisedInterceptor.intercept(CglibAopProxy.java:717)
	at com.reservas.service.StripeService$$SpringCGLIB$$0.crearCheckoutSession(<generated>)
	at com.reservas.controller.StripeController.crearCheckout(StripeController.java:48)
	at java.base/jdk.internal.reflect.DirectMethodHandleAccessor.invoke(DirectMethodHandleAccessor.java:103)
	at java.base/java.lang.reflect.Method.invoke(Method.java:580)
	at org.springframework.web.method.support.InvocableHandlerMethod.doInvoke(InvocableHandlerMethod.java:262)
	at org.springframework.web.method.support.InvocableHandlerMethod.invokeForRequest(InvocableHandlerMethod.java:190)
	at org.springframework.web.servlet.mvc.method.annotation.ServletInvocableHandlerMethod.invokeAndHandle(ServletInvocableHandlerMethod.java:118)
	at org.springframework.web.servlet.mvc.method.annotation.RequestMappingHandlerAdapter.invokeHandlerMethod(RequestMappingHandlerAdapter.java:917)
	at org.springframework.web.servlet.mvc.method.annotation.RequestMappingHandlerAdapter.handleInternal(RequestMappingHandlerAdapter.java:829)
	at org.springframework.web.servlet.mvc.method.AbstractHandlerMethodAdapter.handle(AbstractHandlerMethodAdapter.java:87)
	at org.springframework.web.servlet.DispatcherServlet.doDispatch(DispatcherServlet.java:1089)
	at org.springframework.web.servlet.DispatcherServlet.doService(DispatcherServlet.java:979)
	at org.springframework.web.servlet.FrameworkServlet.processRequest(FrameworkServlet.java:1014)
	at org.springframework.web.servlet.FrameworkServlet.doPost(FrameworkServlet.java:914)
	at jakarta.servlet.http.HttpServlet.service(HttpServlet.java:590)
	at org.springframework.web.servlet.FrameworkServlet.service(FrameworkServlet.java:885)
	at jakarta.servlet.http.HttpServlet.service(HttpServlet.java:658)
	at org.apache.catalina.core.ApplicationFilterChain.internalDoFilter(ApplicationFilterChain.java:205)
	at org.apache.catalina.core.ApplicationFilterChain.doFilter(ApplicationFilterChain.java:149)
	at org.apache.tomcat.websocket.server.WsFilter.doFilter(WsFilter.java:51)
	at org.apache.catalina.core.ApplicationFilterChain.internalDoFilter(ApplicationFilterChain.java:174)
	at org.apache.catalina.core.ApplicationFilterChain.doFilter(ApplicationFilterChain.java:149)
	at org.springframework.web.filter.OncePerRequestFilter.doFilter(OncePerRequestFilter.java:110)
	at org.apache.catalina.core.ApplicationFilterChain.internalDoFilter(ApplicationFilterChain.java:174)
	at org.apache.catalina.core.ApplicationFilterChain.doFilter(ApplicationFilterChain.java:149)
	at org.springframework.web.filter.CompositeFilter$VirtualFilterChain.doFilter(CompositeFilter.java:108)
	at org.springframework.security.web.FilterChainProxy.lambda$doFilterInternal$3(FilterChainProxy.java:231)
	at org.springframework.security.web.FilterChainProxy$VirtualFilterChain.doFilter(FilterChainProxy.java:365)
	at org.springframework.security.web.access.intercept.AuthorizationFilter.doFilter(AuthorizationFilter.java:100)
	at org.springframework.security.web.FilterChainProxy$VirtualFilterChain.doFilter(FilterChainProxy.java:374)
	at org.springframework.security.web.access.ExceptionTranslationFilter.doFilter(ExceptionTranslationFilter.java:126)
	at org.springframework.security.web.access.ExceptionTranslationFilter.doFilter(ExceptionTranslationFilter.java:120)
	at org.springframework.security.web.FilterChainProxy$VirtualFilterChain.doFilter(FilterChainProxy.java:374)
	at org.springframework.security.web.session.SessionManagementFilter.doFilter(SessionManagementFilter.java:131)
	at org.springframework.security.web.session.SessionManagementFilter.doFilter(SessionManagementFilter.java:85)
	at org.springframework.security.web.FilterChainProxy$VirtualFilterChain.doFilter(FilterChainProxy.java:374)
	at org.springframework.security.web.authentication.AnonymousAuthenticationFilter.doFilter(AnonymousAuthenticationFilter.java:100)
	at org.springframework.security.web.FilterChainProxy$VirtualFilterChain.doFilter(FilterChainProxy.java:374)
	at org.springframework.security.web.servletapi.SecurityContextHolderAwareRequestFilter.doFilter(SecurityContextHolderAwareRequestFilter.java:179)
	at org.springframework.security.web.FilterChainProxy$VirtualFilterChain.doFilter(FilterChainProxy.java:374)
	at org.springframework.security.web.savedrequest.RequestCacheAwareFilter.doFilter(RequestCacheAwareFilter.java:63)
	at org.springframework.security.web.FilterChainProxy$VirtualFilterChain.doFilter(FilterChainProxy.java:374)
	at com.reservas.security.JwtAuthenticationFilter.doFilterInternal(JwtAuthenticationFilter.java:56)
	at org.springframework.web.filter.OncePerRequestFilter.doFilter(OncePerRequestFilter.java:116)
	at org.springframework.security.web.FilterChainProxy$VirtualFilterChain.doFilter(FilterChainProxy.java:374)
	at org.springframework.security.web.authentication.logout.LogoutFilter.doFilter(LogoutFilter.java:107)
	at org.springframework.security.web.authentication.logout.LogoutFilter.doFilter(LogoutFilter.java:93)
	at org.springframework.security.web.FilterChainProxy$VirtualFilterChain.doFilter(FilterChainProxy.java:374)
	at org.springframework.web.filter.CorsFilter.doFilterInternal(CorsFilter.java:91)
	at org.springframework.web.filter.OncePerRequestFilter.doFilter(OncePerRequestFilter.java:116)
	at org.springframework.security.web.FilterChainProxy$VirtualFilterChain.doFilter(FilterChainProxy.java:374)
	at org.springframework.security.web.header.HeaderWriterFilter.doHeadersAfter(HeaderWriterFilter.java:90)
	at org.springframework.security.web.header.HeaderWriterFilter.doFilterInternal(HeaderWriterFilter.java:75)
	at org.springframework.web.filter.OncePerRequestFilter.doFilter(OncePerRequestFilter.java:116)
	at org.springframework.security.web.FilterChainProxy$VirtualFilterChain.doFilter(FilterChainProxy.java:374)
	at org.springframework.security.web.context.SecurityContextHolderFilter.doFilter(SecurityContextHolderFilter.java:82)
	at org.springframework.security.web.context.SecurityContextHolderFilter.doFilter(SecurityContextHolderFilter.java:69)
	at org.springframework.security.web.FilterChainProxy$VirtualFilterChain.doFilter(FilterChainProxy.java:374)
	at org.springframework.security.web.context.request.async.WebAsyncManagerIntegrationFilter.doFilterInternal(WebAsyncManagerIntegrationFilter.java:62)
	at org.springframework.web.filter.OncePerRequestFilter.doFilter(OncePerRequestFilter.java:116)
	at org.springframework.security.web.FilterChainProxy$VirtualFilterChain.doFilter(FilterChainProxy.java:374)
	at org.springframework.security.web.session.DisableEncodeUrlFilter.doFilterInternal(DisableEncodeUrlFilter.java:42)
	at org.springframework.web.filter.OncePerRequestFilter.doFilter(OncePerRequestFilter.java:116)
	at org.springframework.security.web.FilterChainProxy$VirtualFilterChain.doFilter(FilterChainProxy.java:374)
	at org.springframework.security.web.FilterChainProxy.doFilterInternal(FilterChainProxy.java:233)
	at org.springframework.security.web.FilterChainProxy.doFilter(FilterChainProxy.java:191)
	at org.springframework.web.filter.CompositeFilter$VirtualFilterChain.doFilter(CompositeFilter.java:113)
	at org.springframework.web.servlet.handler.HandlerMappingIntrospector.lambda$createCacheFilter$3(HandlerMappingIntrospector.java:195)
	at org.springframework.web.filter.CompositeFilter$VirtualFilterChain.doFilter(CompositeFilter.java:113)
	at org.springframework.web.filter.CompositeFilter.doFilter(CompositeFilter.java:74)
	at org.springframework.security.config.annotation.web.configuration.WebMvcSecurityConfiguration$CompositeFilterChainProxy.doFilter(WebMvcSecurityConfiguration.java:225)
	at org.springframework.web.filter.DelegatingFilterProxy.invokeDelegate(DelegatingFilterProxy.java:352)
	at org.springframework.web.filter.DelegatingFilterProxy.doFilter(DelegatingFilterProxy.java:268)
	at org.apache.catalina.core.ApplicationFilterChain.internalDoFilter(ApplicationFilterChain.java:174)
	at org.apache.catalina.core.ApplicationFilterChain.doFilter(ApplicationFilterChain.java:149)
	at org.springframework.web.filter.RequestContextFilter.doFilterInternal(RequestContextFilter.java:100)
	at org.springframework.web.filter.OncePerRequestFilter.doFilter(OncePerRequestFilter.java:116)
	at org.apache.catalina.core.ApplicationFilterChain.internalDoFilter(ApplicationFilterChain.java:174)
	at org.apache.catalina.core.ApplicationFilterChain.doFilter(ApplicationFilterChain.java:149)
	at org.springframework.web.filter.FormContentFilter.doFilterInternal(FormContentFilter.java:93)
	at org.springframework.web.filter.OncePerRequestFilter.doFilter(OncePerRequestFilter.java:116)
	at org.apache.catalina.core.ApplicationFilterChain.internalDoFilter(ApplicationFilterChain.java:174)
	at org.apache.catalina.core.ApplicationFilterChain.doFilter(ApplicationFilterChain.java:149)
	at org.springframework.web.filter.CharacterEncodingFilter.doFilterInternal(CharacterEncodingFilter.java:201)
	at org.springframework.web.filter.OncePerRequestFilter.doFilter(OncePerRequestFilter.java:116)
	at org.apache.catalina.core.ApplicationFilterChain.internalDoFilter(ApplicationFilterChain.java:174)
	at org.apache.catalina.core.ApplicationFilterChain.doFilter(ApplicationFilterChain.java:149)
	at org.apache.catalina.core.StandardWrapperValve.invoke(StandardWrapperValve.java:167)
	at org.apache.catalina.core.StandardContextValve.invoke(StandardContextValve.java:90)
	at org.apache.catalina.authenticator.AuthenticatorBase.invoke(AuthenticatorBase.java:482)
	at org.apache.catalina.core.StandardHostValve.invoke(StandardHostValve.java:115)
	at org.apache.catalina.valves.ErrorReportValve.invoke(ErrorReportValve.java:93)
	at org.apache.catalina.core.StandardEngineValve.invoke(StandardEngineValve.java:74)
	at org.apache.catalina.connector.CoyoteAdapter.service(CoyoteAdapter.java:340)
	at org.apache.coyote.http11.Http11Processor.service(Http11Processor.java:391)
	at org.apache.coyote.AbstractProcessorLight.process(AbstractProcessorLight.java:63)
	at org.apache.coyote.AbstractProtocol$ConnectionHandler.process(AbstractProtocol.java:896)
	at org.apache.tomcat.util.net.NioEndpoint$SocketProcessor.doRun(NioEndpoint.java:1744)
	at org.apache.tomcat.util.net.SocketProcessorBase.run(SocketProcessorBase.java:52)
	at org.apache.tomcat.util.threads.ThreadPoolExecutor.runWorker(ThreadPoolExecutor.java:1191)
	at org.apache.tomcat.util.threads.ThreadPoolExecutor$Worker.run(ThreadPoolExecutor.java:659)
	at org.apache.tomcat.util.threads.TaskThread$WrappingRunnable.run(TaskThread.java:61)
	at java.base/java.lang.Thread.run(Thread.java:1583)
2026-01-30 17:55:12 ERROR [http-nio-8080-exec-1] c.r.exception.GlobalExceptionHandler - Error no manejado: 
java.lang.RuntimeException: Error al crear sesión de pago: No such price: 'price_1SpIyDFsWV55VVmHubJGXR4b'; code: resource_missing; request-id: req_VoyxfMlzLbJz7v
	at com.reservas.service.StripeService.crearCheckoutSession(StripeService.java:162)
	at java.base/jdk.internal.reflect.DirectMethodHandleAccessor.invoke(DirectMethodHandleAccessor.java:103)
	at java.base/java.lang.reflect.Method.invoke(Method.java:580)
	at org.springframework.aop.support.AopUtils.invokeJoinpointUsingReflection(AopUtils.java:352)
	at org.springframework.aop.framework.ReflectiveMethodInvocation.invokeJoinpoint(ReflectiveMethodInvocation.java:196)
	at org.springframework.aop.framework.ReflectiveMethodInvocation.proceed(ReflectiveMethodInvocation.java:163)
	at org.springframework.aop.framework.CglibAopProxy$CglibMethodInvocation.proceed(CglibAopProxy.java:765)
	at org.springframework.transaction.interceptor.TransactionInterceptor$1.proceedWithInvocation(TransactionInterceptor.java:123)
	at org.springframework.transaction.interceptor.TransactionAspectSupport.invokeWithinTransaction(TransactionAspectSupport.java:385)
	at org.springframework.transaction.interceptor.TransactionInterceptor.invoke(TransactionInterceptor.java:119)
	at org.springframework.aop.framework.ReflectiveMethodInvocation.proceed(ReflectiveMethodInvocation.java:184)
	at org.springframework.aop.framework.CglibAopProxy$CglibMethodInvocation.proceed(CglibAopProxy.java:765)
	at org.springframework.aop.framework.CglibAopProxy$DynamicAdvisedInterceptor.intercept(CglibAopProxy.java:717)
	at com.reservas.service.StripeService$$SpringCGLIB$$0.crearCheckoutSession(<generated>)
	at com.reservas.controller.StripeController.crearCheckout(StripeController.java:48)
	at java.base/jdk.internal.reflect.DirectMethodHandleAccessor.invoke(DirectMethodHandleAccessor.java:103)
	at java.base/java.lang.reflect.Method.invoke(Method.java:580)
	at org.springframework.web.method.support.InvocableHandlerMethod.doInvoke(InvocableHandlerMethod.java:262)
	at org.springframework.web.method.support.InvocableHandlerMethod.invokeForRequest(InvocableHandlerMethod.java:190)
	at org.springframework.web.servlet.mvc.method.annotation.ServletInvocableHandlerMethod.invokeAndHandle(ServletInvocableHandlerMethod.java:118)
	at org.springframework.web.servlet.mvc.method.annotation.RequestMappingHandlerAdapter.invokeHandlerMethod(RequestMappingHandlerAdapter.java:917)
	at org.springframework.web.servlet.mvc.method.annotation.RequestMappingHandlerAdapter.handleInternal(RequestMappingHandlerAdapter.java:829)
	at org.springframework.web.servlet.mvc.method.AbstractHandlerMethodAdapter.handle(AbstractHandlerMethodAdapter.java:87)
	at org.springframework.web.servlet.DispatcherServlet.doDispatch(DispatcherServlet.java:1089)
	at org.springframework.web.servlet.DispatcherServlet.doService(DispatcherServlet.java:979)
	at org.springframework.web.servlet.FrameworkServlet.processRequest(FrameworkServlet.java:1014)
	at org.springframework.web.servlet.FrameworkServlet.doPost(FrameworkServlet.java:914)
	at jakarta.servlet.http.HttpServlet.service(HttpServlet.java:590)
	at org.springframework.web.servlet.FrameworkServlet.service(FrameworkServlet.java:885)
	at jakarta.servlet.http.HttpServlet.service(HttpServlet.java:658)
	at org.apache.catalina.core.ApplicationFilterChain.internalDoFilter(ApplicationFilterChain.java:205)
	at org.apache.catalina.core.ApplicationFilterChain.doFilter(ApplicationFilterChain.java:149)
	at org.apache.tomcat.websocket.server.WsFilter.doFilter(WsFilter.java:51)
	at org.apache.catalina.core.ApplicationFilterChain.internalDoFilter(ApplicationFilterChain.java:174)
	at org.apache.catalina.core.ApplicationFilterChain.doFilter(ApplicationFilterChain.java:149)
	at org.springframework.web.filter.OncePerRequestFilter.doFilter(OncePerRequestFilter.java:110)
	at org.apache.catalina.core.ApplicationFilterChain.internalDoFilter(ApplicationFilterChain.java:174)
	at org.apache.catalina.core.ApplicationFilterChain.doFilter(ApplicationFilterChain.java:149)
	at org.springframework.web.filter.CompositeFilter$VirtualFilterChain.doFilter(CompositeFilter.java:108)
	at org.springframework.security.web.FilterChainProxy.lambda$doFilterInternal$3(FilterChainProxy.java:231)
	at org.springframework.security.web.FilterChainProxy$VirtualFilterChain.doFilter(FilterChainProxy.java:365)
	at org.springframework.security.web.access.intercept.AuthorizationFilter.doFilter(AuthorizationFilter.java:100)
	at org.springframework.security.web.FilterChainProxy$VirtualFilterChain.doFilter(FilterChainProxy.java:374)
	at org.springframework.security.web.access.ExceptionTranslationFilter.doFilter(ExceptionTranslationFilter.java:126)
	at org.springframework.security.web.access.ExceptionTranslationFilter.doFilter(ExceptionTranslationFilter.java:120)
	at org.springframework.security.web.FilterChainProxy$VirtualFilterChain.doFilter(FilterChainProxy.java:374)
	at org.springframework.security.web.session.SessionManagementFilter.doFilter(SessionManagementFilter.java:131)
	at org.springframework.security.web.session.SessionManagementFilter.doFilter(SessionManagementFilter.java:85)
	at org.springframework.security.web.FilterChainProxy$VirtualFilterChain.doFilter(FilterChainProxy.java:374)
	at org.springframework.security.web.authentication.AnonymousAuthenticationFilter.doFilter(AnonymousAuthenticationFilter.java:100)
	at org.springframework.security.web.FilterChainProxy$VirtualFilterChain.doFilter(FilterChainProxy.java:374)
	at org.springframework.security.web.servletapi.SecurityContextHolderAwareRequestFilter.doFilter(SecurityContextHolderAwareRequestFilter.java:179)
	at org.springframework.security.web.FilterChainProxy$VirtualFilterChain.doFilter(FilterChainProxy.java:374)
	at org.springframework.security.web.savedrequest.RequestCacheAwareFilter.doFilter(RequestCacheAwareFilter.java:63)
	at org.springframework.security.web.FilterChainProxy$VirtualFilterChain.doFilter(FilterChainProxy.java:374)
	at com.reservas.security.JwtAuthenticationFilter.doFilterInternal(JwtAuthenticationFilter.java:56)
	at org.springframework.web.filter.OncePerRequestFilter.doFilter(OncePerRequestFilter.java:116)
	at org.springframework.security.web.FilterChainProxy$VirtualFilterChain.doFilter(FilterChainProxy.java:374)
	at org.springframework.security.web.authentication.logout.LogoutFilter.doFilter(LogoutFilter.java:107)
	at org.springframework.security.web.authentication.logout.LogoutFilter.doFilter(LogoutFilter.java:93)
	at org.springframework.security.web.FilterChainProxy$VirtualFilterChain.doFilter(FilterChainProxy.java:374)
	at org.springframework.web.filter.CorsFilter.doFilterInternal(CorsFilter.java:91)
	at org.springframework.web.filter.OncePerRequestFilter.doFilter(OncePerRequestFilter.java:116)
	at org.springframework.security.web.FilterChainProxy$VirtualFilterChain.doFilter(FilterChainProxy.java:374)
	at org.springframework.security.web.header.HeaderWriterFilter.doHeadersAfter(HeaderWriterFilter.java:90)
	at org.springframework.security.web.header.HeaderWriterFilter.doFilterInternal(HeaderWriterFilter.java:75)
	at org.springframework.web.filter.OncePerRequestFilter.doFilter(OncePerRequestFilter.java:116)
	at org.springframework.security.web.FilterChainProxy$VirtualFilterChain.doFilter(FilterChainProxy.java:374)
	at org.springframework.security.web.context.SecurityContextHolderFilter.doFilter(SecurityContextHolderFilter.java:82)
	at org.springframework.security.web.context.SecurityContextHolderFilter.doFilter(SecurityContextHolderFilter.java:69)
	at org.springframework.security.web.FilterChainProxy$VirtualFilterChain.doFilter(FilterChainProxy.java:374)
	at org.springframework.security.web.context.request.async.WebAsyncManagerIntegrationFilter.doFilterInternal(WebAsyncManagerIntegrationFilter.java:62)
	at org.springframework.web.filter.OncePerRequestFilter.doFilter(OncePerRequestFilter.java:116)
	at org.springframework.security.web.FilterChainProxy$VirtualFilterChain.doFilter(FilterChainProxy.java:374)
	at org.springframework.security.web.session.DisableEncodeUrlFilter.doFilterInternal(DisableEncodeUrlFilter.java:42)
	at org.springframework.web.filter.OncePerRequestFilter.doFilter(OncePerRequestFilter.java:116)
	at org.springframework.security.web.FilterChainProxy$VirtualFilterChain.doFilter(FilterChainProxy.java:374)
	at org.springframework.security.web.FilterChainProxy.doFilterInternal(FilterChainProxy.java:233)
	at org.springframework.security.web.FilterChainProxy.doFilter(FilterChainProxy.java:191)
	at org.springframework.web.filter.CompositeFilter$VirtualFilterChain.doFilter(CompositeFilter.java:113)
	at org.springframework.web.servlet.handler.HandlerMappingIntrospector.lambda$createCacheFilter$3(HandlerMappingIntrospector.java:195)
	at org.springframework.web.filter.CompositeFilter$VirtualFilterChain.doFilter(CompositeFilter.java:113)
	at org.springframework.web.filter.CompositeFilter.doFilter(CompositeFilter.java:74)
	at org.springframework.security.config.annotation.web.configuration.WebMvcSecurityConfiguration$CompositeFilterChainProxy.doFilter(WebMvcSecurityConfiguration.java:225)
	at org.springframework.web.filter.DelegatingFilterProxy.invokeDelegate(DelegatingFilterProxy.java:352)
	at org.springframework.web.filter.DelegatingFilterProxy.doFilter(DelegatingFilterProxy.java:268)
	at org.apache.catalina.core.ApplicationFilterChain.internalDoFilter(ApplicationFilterChain.java:174)
	at org.apache.catalina.core.ApplicationFilterChain.doFilter(ApplicationFilterChain.java:149)
	at org.springframework.web.filter.RequestContextFilter.doFilterInternal(RequestContextFilter.java:100)
	at org.springframework.web.filter.OncePerRequestFilter.doFilter(OncePerRequestFilter.java:116)
	at org.apache.catalina.core.ApplicationFilterChain.internalDoFilter(ApplicationFilterChain.java:174)
	at org.apache.catalina.core.ApplicationFilterChain.doFilter(ApplicationFilterChain.java:149)
	at org.springframework.web.filter.FormContentFilter.doFilterInternal(FormContentFilter.java:93)
	at org.springframework.web.filter.OncePerRequestFilter.doFilter(OncePerRequestFilter.java:116)
	at org.apache.catalina.core.ApplicationFilterChain.internalDoFilter(ApplicationFilterChain.java:174)
	at org.apache.catalina.core.ApplicationFilterChain.doFilter(ApplicationFilterChain.java:149)
	at org.springframework.web.filter.CharacterEncodingFilter.doFilterInternal(CharacterEncodingFilter.java:201)
	at org.springframework.web.filter.OncePerRequestFilter.doFilter(OncePerRequestFilter.java:116)
	at org.apache.catalina.core.ApplicationFilterChain.internalDoFilter(ApplicationFilterChain.java:174)
	at org.apache.catalina.core.ApplicationFilterChain.doFilter(ApplicationFilterChain.java:149)
	at org.apache.catalina.core.StandardWrapperValve.invoke(StandardWrapperValve.java:167)
	at org.apache.catalina.core.StandardContextValve.invoke(StandardContextValve.java:90)
	at org.apache.catalina.authenticator.AuthenticatorBase.invoke(AuthenticatorBase.java:482)
	at org.apache.catalina.core.StandardHostValve.invoke(StandardHostValve.java:115)
	at org.apache.catalina.valves.ErrorReportValve.invoke(ErrorReportValve.java:93)
	at org.apache.catalina.core.StandardEngineValve.invoke(StandardEngineValve.java:74)
	at org.apache.catalina.connector.CoyoteAdapter.service(CoyoteAdapter.java:340)
	at org.apache.coyote.http11.Http11Processor.service(Http11Processor.java:391)
	at org.apache.coyote.AbstractProcessorLight.process(AbstractProcessorLight.java:63)
	at org.apache.coyote.AbstractProtocol$ConnectionHandler.process(AbstractProtocol.java:896)
	at org.apache.tomcat.util.net.NioEndpoint$SocketProcessor.doRun(NioEndpoint.java:1744)
	at org.apache.tomcat.util.net.SocketProcessorBase.run(SocketProcessorBase.java:52)
	at org.apache.tomcat.util.threads.ThreadPoolExecutor.runWorker(ThreadPoolExecutor.java:1191)
	at org.apache.tomcat.util.threads.ThreadPoolExecutor$Worker.run(ThreadPoolExecutor.java:659)
	at org.apache.tomcat.util.threads.TaskThread$WrappingRunnable.run(TaskThread.java:61)
	at java.base/java.lang.Thread.run(Thread.java:1583)
2026-01-30 17:57:51 INFO  [http-nio-8080-exec-2] c.r.controller.StripeController - [StripeController] GET /api/pagos/planes
2026-01-30 17:57:51 INFO  [http-nio-8080-exec-3] c.r.controller.StripeController - [StripeController] GET /api/pagos/planes
2026-01-30 18:30:49 INFO  [scheduling-1] c.r.scheduler.RecordatorioScheduler - Iniciando procesamiento programado de recordatorios...
2026-01-30 18:30:50 INFO  [scheduling-1] c.r.service.RecordatorioService - Procesando recordatorios pendientes...
2026-01-30 18:30:50 INFO  [scheduling-1] c.r.service.RecordatorioService - Recordatorios pendientes encontrados: 0
2026-01-30 18:30:50 INFO  [scheduling-1] c.r.service.RecordatorioService -  Procesamiento de recordatorios completado
2026-01-30 18:30:50 INFO  [scheduling-1] c.r.scheduler.RecordatorioScheduler - Procesamiento programado de recordatorios completado
2026-01-30 20:08:49 INFO  [http-nio-8080-exec-6] c.r.controller.StripeController - [StripeController] GET /api/pagos/planes
2026-01-30 20:08:50 INFO  [http-nio-8080-exec-7] c.r.controller.StripeController - [StripeController] GET /api/pagos/planes
2026-01-31 04:23:06 INFO  [scheduling-1] c.r.scheduler.RecordatorioScheduler - Iniciando procesamiento programado de recordatorios...
2026-01-31 04:23:07 INFO  [scheduling-1] c.r.service.RecordatorioService - Procesando recordatorios pendientes...
2026-01-31 04:23:07 INFO  [scheduling-1] c.r.service.RecordatorioService - Recordatorios pendientes encontrados: 0
2026-01-31 04:23:07 INFO  [scheduling-1] c.r.service.RecordatorioService -  Procesamiento de recordatorios completado
2026-01-31 04:23:07 INFO  [scheduling-1] c.r.scheduler.RecordatorioScheduler - Procesamiento programado de recordatorios completado
2026-01-31 06:25:44 INFO  [scheduling-1] c.r.scheduler.RecordatorioScheduler - Iniciando procesamiento programado de recordatorios...
2026-01-31 06:25:45 INFO  [scheduling-1] c.r.service.RecordatorioService - Procesando recordatorios pendientes...
2026-01-31 06:25:45 INFO  [scheduling-1] c.r.service.RecordatorioService - Recordatorios pendientes encontrados: 0
2026-01-31 06:25:45 INFO  [scheduling-1] c.r.service.RecordatorioService -  Procesamiento de recordatorios completado
2026-01-31 06:25:45 INFO  [scheduling-1] c.r.scheduler.RecordatorioScheduler - Procesamiento programado de recordatorios completado
2026-01-31 07:47:08 INFO  [scheduling-1] c.r.scheduler.RecordatorioScheduler - Iniciando procesamiento programado de recordatorios...
2026-01-31 07:47:08 INFO  [scheduling-1] c.r.service.RecordatorioService - Procesando recordatorios pendientes...
2026-01-31 07:47:08 INFO  [scheduling-1] c.r.service.RecordatorioService - Recordatorios pendientes encontrados: 0
2026-01-31 07:47:08 INFO  [scheduling-1] c.r.service.RecordatorioService -  Procesamiento de recordatorios completado
2026-01-31 07:47:08 INFO  [scheduling-1] c.r.scheduler.RecordatorioScheduler - Procesamiento programado de recordatorios completado
2026-01-31 11:03:47 INFO  [scheduling-1] c.r.scheduler.RecordatorioScheduler - Iniciando procesamiento programado de recordatorios...
2026-01-31 11:03:48 INFO  [scheduling-1] c.r.service.RecordatorioService - Procesando recordatorios pendientes...
2026-01-31 11:03:48 INFO  [scheduling-1] c.r.service.RecordatorioService - Recordatorios pendientes encontrados: 0
2026-01-31 11:03:48 INFO  [scheduling-1] c.r.service.RecordatorioService -  Procesamiento de recordatorios completado
2026-01-31 11:03:49 INFO  [scheduling-1] c.r.scheduler.RecordatorioScheduler - Procesamiento programado de recordatorios completado
2026-01-31 18:16:23 INFO  [scheduling-1] c.r.scheduler.RecordatorioScheduler - Iniciando procesamiento programado de recordatorios...
2026-01-31 18:16:24 INFO  [scheduling-1] c.r.service.RecordatorioService - Procesando recordatorios pendientes...
2026-01-31 18:16:24 INFO  [scheduling-1] c.r.service.RecordatorioService - Recordatorios pendientes encontrados: 0
2026-01-31 18:16:24 INFO  [scheduling-1] c.r.service.RecordatorioService -  Procesamiento de recordatorios completado
2026-01-31 18:16:24 INFO  [scheduling-1] c.r.scheduler.RecordatorioScheduler - Procesamiento programado de recordatorios completado
2026-01-31 22:12:05 INFO  [scheduling-1] c.r.scheduler.RecordatorioScheduler - Iniciando procesamiento programado de recordatorios...
2026-01-31 22:12:06 INFO  [scheduling-1] c.r.service.RecordatorioService - Procesando recordatorios pendientes...
2026-01-31 22:12:06 INFO  [scheduling-1] c.r.service.RecordatorioService - Recordatorios pendientes encontrados: 0
2026-01-31 22:12:06 INFO  [scheduling-1] c.r.service.RecordatorioService -  Procesamiento de recordatorios completado
2026-01-31 22:12:06 INFO  [scheduling-1] c.r.scheduler.RecordatorioScheduler - Procesamiento programado de recordatorios completado
2026-02-01 04:19:08 INFO  [scheduling-1] c.r.scheduler.RecordatorioScheduler - Iniciando procesamiento programado de recordatorios...
2026-02-01 04:19:08 INFO  [scheduling-1] c.r.service.RecordatorioService - Procesando recordatorios pendientes...
2026-02-01 04:19:08 INFO  [scheduling-1] c.r.service.RecordatorioService - Recordatorios pendientes encontrados: 0
2026-02-01 04:19:08 INFO  [scheduling-1] c.r.service.RecordatorioService -  Procesamiento de recordatorios completado
2026-02-01 04:19:08 INFO  [scheduling-1] c.r.scheduler.RecordatorioScheduler - Procesamiento programado de recordatorios completado
2026-02-01 07:55:18 INFO  [scheduling-1] c.r.scheduler.RecordatorioScheduler - Iniciando procesamiento programado de recordatorios...
2026-02-01 07:55:19 INFO  [scheduling-1] c.r.service.RecordatorioService - Procesando recordatorios pendientes...
2026-02-01 07:55:19 INFO  [scheduling-1] c.r.service.RecordatorioService - Recordatorios pendientes encontrados: 0
2026-02-01 07:55:19 INFO  [scheduling-1] c.r.service.RecordatorioService -  Procesamiento de recordatorios completado
2026-02-01 07:55:20 INFO  [scheduling-1] c.r.scheduler.RecordatorioScheduler - Procesamiento programado de recordatorios completado
2026-02-01 09:34:17 INFO  [scheduling-1] c.r.scheduler.RecordatorioScheduler - Iniciando procesamiento programado de recordatorios...
2026-02-01 09:34:17 INFO  [scheduling-1] c.r.service.RecordatorioService - Procesando recordatorios pendientes...
2026-02-01 09:34:17 INFO  [scheduling-1] c.r.service.RecordatorioService - Recordatorios pendientes encontrados: 0
2026-02-01 09:34:17 INFO  [scheduling-1] c.r.service.RecordatorioService -  Procesamiento de recordatorios completado
2026-02-01 09:34:17 INFO  [scheduling-1] c.r.scheduler.RecordatorioScheduler - Procesamiento programado de recordatorios completado
2026-02-01 17:20:53 INFO  [scheduling-1] c.r.scheduler.RecordatorioScheduler - Iniciando procesamiento programado de recordatorios...
2026-02-01 17:20:53 INFO  [scheduling-1] c.r.service.RecordatorioService - Procesando recordatorios pendientes...
2026-02-01 17:20:53 INFO  [scheduling-1] c.r.service.RecordatorioService - Recordatorios pendientes encontrados: 0
2026-02-01 17:20:53 INFO  [scheduling-1] c.r.service.RecordatorioService -  Procesamiento de recordatorios completado
2026-02-01 17:20:53 INFO  [scheduling-1] c.r.scheduler.RecordatorioScheduler - Procesamiento programado de recordatorios completado
2026-02-01 20:10:51 INFO  [scheduling-1] c.r.scheduler.RecordatorioScheduler - Iniciando procesamiento programado de recordatorios...
2026-02-01 20:23:00 INFO  [scheduling-1] c.r.service.RecordatorioService - Procesando recordatorios pendientes...
2026-02-01 20:23:01 INFO  [scheduling-1] c.r.service.RecordatorioService - Recordatorios pendientes encontrados: 0
2026-02-01 20:23:01 INFO  [scheduling-1] c.r.service.RecordatorioService -  Procesamiento de recordatorios completado
2026-02-01 20:23:01 INFO  [scheduling-1] c.r.scheduler.RecordatorioScheduler - Procesamiento programado de recordatorios completado
2026-02-01 22:25:04 INFO  [scheduling-1] c.r.scheduler.RecordatorioScheduler - Iniciando procesamiento programado de recordatorios...
2026-02-01 22:25:04 INFO  [scheduling-1] c.r.service.RecordatorioService - Procesando recordatorios pendientes...
2026-02-01 22:25:04 INFO  [scheduling-1] c.r.service.RecordatorioService - Recordatorios pendientes encontrados: 0
2026-02-01 22:25:04 INFO  [scheduling-1] c.r.service.RecordatorioService -  Procesamiento de recordatorios completado
2026-02-01 22:25:05 INFO  [scheduling-1] c.r.scheduler.RecordatorioScheduler - Procesamiento programado de recordatorios completado
2026-02-01 23:46:38 INFO  [scheduling-1] c.r.scheduler.RecordatorioScheduler - Iniciando procesamiento programado de recordatorios...
2026-02-01 23:46:39 INFO  [scheduling-1] c.r.service.RecordatorioService - Procesando recordatorios pendientes...
2026-02-01 23:46:39 INFO  [scheduling-1] c.r.service.RecordatorioService - Recordatorios pendientes encontrados: 0
2026-02-01 23:46:39 INFO  [scheduling-1] c.r.service.RecordatorioService -  Procesamiento de recordatorios completado
2026-02-01 23:46:39 INFO  [scheduling-1] c.r.scheduler.RecordatorioScheduler - Procesamiento programado de recordatorios completado
2026-02-02 03:51:46 INFO  [scheduling-1] c.r.scheduler.RecordatorioScheduler - Iniciando procesamiento programado de recordatorios...
2026-02-02 03:51:46 INFO  [scheduling-1] c.r.service.RecordatorioService - Procesando recordatorios pendientes...
2026-02-02 03:51:46 INFO  [scheduling-1] c.r.service.RecordatorioService - Recordatorios pendientes encontrados: 0
2026-02-02 03:51:46 INFO  [scheduling-1] c.r.service.RecordatorioService -  Procesamiento de recordatorios completado
2026-02-02 03:51:47 INFO  [scheduling-1] c.r.scheduler.RecordatorioScheduler - Procesamiento programado de recordatorios completado
2026-02-02 06:52:35 INFO  [scheduling-1] c.r.scheduler.RecordatorioScheduler - Iniciando procesamiento programado de recordatorios...
2026-02-02 06:52:36 INFO  [scheduling-1] c.r.service.RecordatorioService - Procesando recordatorios pendientes...
2026-02-02 06:52:36 INFO  [scheduling-1] c.r.service.RecordatorioService - Recordatorios pendientes encontrados: 0
2026-02-02 06:52:36 INFO  [scheduling-1] c.r.service.RecordatorioService -  Procesamiento de recordatorios completado
2026-02-02 06:52:36 INFO  [scheduling-1] c.r.scheduler.RecordatorioScheduler - Procesamiento programado de recordatorios completado
2026-02-02 08:41:29 INFO  [scheduling-1] c.r.scheduler.RecordatorioScheduler - Iniciando procesamiento programado de recordatorios...
2026-02-02 08:41:29 INFO  [scheduling-1] c.r.service.RecordatorioService - Procesando recordatorios pendientes...
2026-02-02 08:41:29 INFO  [scheduling-1] c.r.service.RecordatorioService - Recordatorios pendientes encontrados: 0
2026-02-02 08:41:29 INFO  [scheduling-1] c.r.service.RecordatorioService -  Procesamiento de recordatorios completado
2026-02-02 08:41:29 INFO  [scheduling-1] c.r.scheduler.RecordatorioScheduler - Procesamiento programado de recordatorios completado
2026-02-02 09:00:41 INFO  [scheduling-1] c.r.scheduler.RecordatorioScheduler - Iniciando procesamiento programado de recordatorios...
2026-02-02 09:00:42 INFO  [scheduling-1] c.r.service.RecordatorioService - Procesando recordatorios pendientes...
2026-02-02 09:00:42 INFO  [scheduling-1] c.r.service.RecordatorioService - Recordatorios pendientes encontrados: 0
2026-02-02 09:00:42 INFO  [scheduling-1] c.r.service.RecordatorioService -  Procesamiento de recordatorios completado
2026-02-02 09:00:42 INFO  [scheduling-1] c.r.scheduler.RecordatorioScheduler - Procesamiento programado de recordatorios completado
2026-02-02 09:31:00 INFO  [scheduling-1] c.r.scheduler.RecordatorioScheduler - Iniciando procesamiento programado de recordatorios...
2026-02-02 09:31:01 INFO  [scheduling-1] c.r.service.RecordatorioService - Procesando recordatorios pendientes...
2026-02-02 09:31:01 INFO  [scheduling-1] c.r.service.RecordatorioService - Recordatorios pendientes encontrados: 0
2026-02-02 09:31:01 INFO  [scheduling-1] c.r.service.RecordatorioService -  Procesamiento de recordatorios completado
2026-02-02 09:31:01 INFO  [scheduling-1] c.r.scheduler.RecordatorioScheduler - Procesamiento programado de recordatorios completado
2026-02-02 14:59:34 INFO  [scheduling-1] c.r.scheduler.RecordatorioScheduler - Iniciando procesamiento programado de recordatorios...
2026-02-02 14:59:35 INFO  [scheduling-1] c.r.service.RecordatorioService - Procesando recordatorios pendientes...
2026-02-02 14:59:35 INFO  [scheduling-1] c.r.service.RecordatorioService - Recordatorios pendientes encontrados: 0
2026-02-02 14:59:35 INFO  [scheduling-1] c.r.service.RecordatorioService -  Procesamiento de recordatorios completado
2026-02-02 14:59:36 INFO  [scheduling-1] c.r.scheduler.RecordatorioScheduler - Procesamiento programado de recordatorios completado
2026-02-02 15:00:00 INFO  [scheduling-1] c.r.scheduler.RecordatorioScheduler - Iniciando procesamiento programado de recordatorios...
2026-02-02 15:00:00 INFO  [scheduling-1] c.r.service.RecordatorioService - Procesando recordatorios pendientes...
2026-02-02 15:00:00 INFO  [scheduling-1] c.r.service.RecordatorioService - Recordatorios pendientes encontrados: 0
2026-02-02 15:00:00 INFO  [scheduling-1] c.r.service.RecordatorioService -  Procesamiento de recordatorios completado
2026-02-02 15:00:00 INFO  [scheduling-1] c.r.scheduler.RecordatorioScheduler - Procesamiento programado de recordatorios completado
2026-02-03 01:13:18 INFO  [scheduling-1] c.r.scheduler.RecordatorioScheduler - Iniciando procesamiento programado de recordatorios...
2026-02-03 01:13:19 INFO  [scheduling-1] c.r.service.RecordatorioService - Procesando recordatorios pendientes...
2026-02-03 01:13:19 INFO  [scheduling-1] c.r.service.RecordatorioService - Recordatorios pendientes encontrados: 0
2026-02-03 01:13:19 INFO  [scheduling-1] c.r.service.RecordatorioService -  Procesamiento de recordatorios completado
2026-02-03 01:13:19 INFO  [scheduling-1] c.r.scheduler.RecordatorioScheduler - Procesamiento programado de recordatorios completado
2026-02-03 07:12:13 INFO  [scheduling-1] c.r.scheduler.RecordatorioScheduler - Iniciando procesamiento programado de recordatorios...
2026-02-03 07:12:14 INFO  [scheduling-1] c.r.service.RecordatorioService - Procesando recordatorios pendientes...
2026-02-03 07:12:14 INFO  [scheduling-1] c.r.service.RecordatorioService - Recordatorios pendientes encontrados: 0
2026-02-03 07:12:14 INFO  [scheduling-1] c.r.service.RecordatorioService -  Procesamiento de recordatorios completado
2026-02-03 07:12:14 INFO  [scheduling-1] c.r.scheduler.RecordatorioScheduler - Procesamiento programado de recordatorios completado
2026-02-03 11:12:52 INFO  [http-nio-8080-exec-1] c.r.controller.StripeController - [StripeController] POST /api/pagos/checkout - Plan: premium - Usuario: espejel.alberto1905@gmail.com
2026-02-03 11:12:53 INFO  [http-nio-8080-exec-1] com.reservas.service.StripeService - [Stripe] Creando sesión de checkout para plan: premium - usuario: espejel.alberto1905@gmail.com
2026-02-03 11:12:54 INFO  [http-nio-8080-exec-1] com.reservas.service.StripeService - [Stripe]  Cliente creado en Stripe: cus_TucOHbIcXxkam2 para negocio: Alberto Raul's Business
2026-02-03 11:12:54 ERROR [http-nio-8080-exec-1] com.reservas.service.StripeService - [Stripe] Error creando sesión de checkout
com.stripe.exception.InvalidRequestException: No such price: 'price_1SpIyDFsWV55VVmHubJGXR4b'; code: resource_missing; request-id: req_AvH3Y0o4taowDn
	at com.stripe.net.LiveStripeResponseGetter.handleApiError(LiveStripeResponseGetter.java:182)
	at com.stripe.net.LiveStripeResponseGetter.handleError(LiveStripeResponseGetter.java:143)
	at com.stripe.net.LiveStripeResponseGetter.request(LiveStripeResponseGetter.java:67)
	at com.stripe.model.checkout.Session.create(Session.java:531)
	at com.stripe.model.checkout.Session.create(Session.java:522)
	at com.reservas.service.StripeService.crearCheckoutSession(StripeService.java:132)
	at java.base/jdk.internal.reflect.DirectMethodHandleAccessor.invoke(DirectMethodHandleAccessor.java:103)
	at java.base/java.lang.reflect.Method.invoke(Method.java:580)
	at org.springframework.aop.support.AopUtils.invokeJoinpointUsingReflection(AopUtils.java:352)
	at org.springframework.aop.framework.ReflectiveMethodInvocation.invokeJoinpoint(ReflectiveMethodInvocation.java:196)
	at org.springframework.aop.framework.ReflectiveMethodInvocation.proceed(ReflectiveMethodInvocation.java:163)
	at org.springframework.aop.framework.CglibAopProxy$CglibMethodInvocation.proceed(CglibAopProxy.java:765)
	at org.springframework.transaction.interceptor.TransactionInterceptor$1.proceedWithInvocation(TransactionInterceptor.java:123)
	at org.springframework.transaction.interceptor.TransactionAspectSupport.invokeWithinTransaction(TransactionAspectSupport.java:385)
	at org.springframework.transaction.interceptor.TransactionInterceptor.invoke(TransactionInterceptor.java:119)
	at org.springframework.aop.framework.ReflectiveMethodInvocation.proceed(ReflectiveMethodInvocation.java:184)
	at org.springframework.aop.framework.CglibAopProxy$CglibMethodInvocation.proceed(CglibAopProxy.java:765)
	at org.springframework.aop.framework.CglibAopProxy$DynamicAdvisedInterceptor.intercept(CglibAopProxy.java:717)
	at com.reservas.service.StripeService$$SpringCGLIB$$0.crearCheckoutSession(<generated>)
	at com.reservas.controller.StripeController.crearCheckout(StripeController.java:48)
	at java.base/jdk.internal.reflect.DirectMethodHandleAccessor.invoke(DirectMethodHandleAccessor.java:103)
	at java.base/java.lang.reflect.Method.invoke(Method.java:580)
	at org.springframework.web.method.support.InvocableHandlerMethod.doInvoke(InvocableHandlerMethod.java:262)
	at org.springframework.web.method.support.InvocableHandlerMethod.invokeForRequest(InvocableHandlerMethod.java:190)
	at org.springframework.web.servlet.mvc.method.annotation.ServletInvocableHandlerMethod.invokeAndHandle(ServletInvocableHandlerMethod.java:118)
	at org.springframework.web.servlet.mvc.method.annotation.RequestMappingHandlerAdapter.invokeHandlerMethod(RequestMappingHandlerAdapter.java:917)
	at org.springframework.web.servlet.mvc.method.annotation.RequestMappingHandlerAdapter.handleInternal(RequestMappingHandlerAdapter.java:829)
	at org.springframework.web.servlet.mvc.method.AbstractHandlerMethodAdapter.handle(AbstractHandlerMethodAdapter.java:87)
	at org.springframework.web.servlet.DispatcherServlet.doDispatch(DispatcherServlet.java:1089)
	at org.springframework.web.servlet.DispatcherServlet.doService(DispatcherServlet.java:979)
	at org.springframework.web.servlet.FrameworkServlet.processRequest(FrameworkServlet.java:1014)
	at org.springframework.web.servlet.FrameworkServlet.doPost(FrameworkServlet.java:914)
	at jakarta.servlet.http.HttpServlet.service(HttpServlet.java:590)
	at org.springframework.web.servlet.FrameworkServlet.service(FrameworkServlet.java:885)
	at jakarta.servlet.http.HttpServlet.service(HttpServlet.java:658)
	at org.apache.catalina.core.ApplicationFilterChain.internalDoFilter(ApplicationFilterChain.java:205)
	at org.apache.catalina.core.ApplicationFilterChain.doFilter(ApplicationFilterChain.java:149)
	at org.apache.tomcat.websocket.server.WsFilter.doFilter(WsFilter.java:51)
	at org.apache.catalina.core.ApplicationFilterChain.internalDoFilter(ApplicationFilterChain.java:174)
	at org.apache.catalina.core.ApplicationFilterChain.doFilter(ApplicationFilterChain.java:149)
	at org.springframework.web.filter.OncePerRequestFilter.doFilter(OncePerRequestFilter.java:110)
	at org.apache.catalina.core.ApplicationFilterChain.internalDoFilter(ApplicationFilterChain.java:174)
	at org.apache.catalina.core.ApplicationFilterChain.doFilter(ApplicationFilterChain.java:149)
	at org.springframework.web.filter.CompositeFilter$VirtualFilterChain.doFilter(CompositeFilter.java:108)
	at org.springframework.security.web.FilterChainProxy.lambda$doFilterInternal$3(FilterChainProxy.java:231)
	at org.springframework.security.web.FilterChainProxy$VirtualFilterChain.doFilter(FilterChainProxy.java:365)
	at org.springframework.security.web.access.intercept.AuthorizationFilter.doFilter(AuthorizationFilter.java:100)
	at org.springframework.security.web.FilterChainProxy$VirtualFilterChain.doFilter(FilterChainProxy.java:374)
	at org.springframework.security.web.access.ExceptionTranslationFilter.doFilter(ExceptionTranslationFilter.java:126)
	at org.springframework.security.web.access.ExceptionTranslationFilter.doFilter(ExceptionTranslationFilter.java:120)
	at org.springframework.security.web.FilterChainProxy$VirtualFilterChain.doFilter(FilterChainProxy.java:374)
	at org.springframework.security.web.session.SessionManagementFilter.doFilter(SessionManagementFilter.java:131)
	at org.springframework.security.web.session.SessionManagementFilter.doFilter(SessionManagementFilter.java:85)
	at org.springframework.security.web.FilterChainProxy$VirtualFilterChain.doFilter(FilterChainProxy.java:374)
	at org.springframework.security.web.authentication.AnonymousAuthenticationFilter.doFilter(AnonymousAuthenticationFilter.java:100)
	at org.springframework.security.web.FilterChainProxy$VirtualFilterChain.doFilter(FilterChainProxy.java:374)
	at org.springframework.security.web.servletapi.SecurityContextHolderAwareRequestFilter.doFilter(SecurityContextHolderAwareRequestFilter.java:179)
	at org.springframework.security.web.FilterChainProxy$VirtualFilterChain.doFilter(FilterChainProxy.java:374)
	at org.springframework.security.web.savedrequest.RequestCacheAwareFilter.doFilter(RequestCacheAwareFilter.java:63)
	at org.springframework.security.web.FilterChainProxy$VirtualFilterChain.doFilter(FilterChainProxy.java:374)
	at com.reservas.security.JwtAuthenticationFilter.doFilterInternal(JwtAuthenticationFilter.java:56)
	at org.springframework.web.filter.OncePerRequestFilter.doFilter(OncePerRequestFilter.java:116)
	at org.springframework.security.web.FilterChainProxy$VirtualFilterChain.doFilter(FilterChainProxy.java:374)
	at org.springframework.security.web.authentication.logout.LogoutFilter.doFilter(LogoutFilter.java:107)
	at org.springframework.security.web.authentication.logout.LogoutFilter.doFilter(LogoutFilter.java:93)
	at org.springframework.security.web.FilterChainProxy$VirtualFilterChain.doFilter(FilterChainProxy.java:374)
	at org.springframework.web.filter.CorsFilter.doFilterInternal(CorsFilter.java:91)
	at org.springframework.web.filter.OncePerRequestFilter.doFilter(OncePerRequestFilter.java:116)
	at org.springframework.security.web.FilterChainProxy$VirtualFilterChain.doFilter(FilterChainProxy.java:374)
	at org.springframework.security.web.header.HeaderWriterFilter.doHeadersAfter(HeaderWriterFilter.java:90)
	at org.springframework.security.web.header.HeaderWriterFilter.doFilterInternal(HeaderWriterFilter.java:75)
	at org.springframework.web.filter.OncePerRequestFilter.doFilter(OncePerRequestFilter.java:116)
	at org.springframework.security.web.FilterChainProxy$VirtualFilterChain.doFilter(FilterChainProxy.java:374)
	at org.springframework.security.web.context.SecurityContextHolderFilter.doFilter(SecurityContextHolderFilter.java:82)
	at org.springframework.security.web.context.SecurityContextHolderFilter.doFilter(SecurityContextHolderFilter.java:69)
	at org.springframework.security.web.FilterChainProxy$VirtualFilterChain.doFilter(FilterChainProxy.java:374)
	at org.springframework.security.web.context.request.async.WebAsyncManagerIntegrationFilter.doFilterInternal(WebAsyncManagerIntegrationFilter.java:62)
	at org.springframework.web.filter.OncePerRequestFilter.doFilter(OncePerRequestFilter.java:116)
	at org.springframework.security.web.FilterChainProxy$VirtualFilterChain.doFilter(FilterChainProxy.java:374)
	at org.springframework.security.web.session.DisableEncodeUrlFilter.doFilterInternal(DisableEncodeUrlFilter.java:42)
	at org.springframework.web.filter.OncePerRequestFilter.doFilter(OncePerRequestFilter.java:116)
	at org.springframework.security.web.FilterChainProxy$VirtualFilterChain.doFilter(FilterChainProxy.java:374)
	at org.springframework.security.web.FilterChainProxy.doFilterInternal(FilterChainProxy.java:233)
	at org.springframework.security.web.FilterChainProxy.doFilter(FilterChainProxy.java:191)
	at org.springframework.web.filter.CompositeFilter$VirtualFilterChain.doFilter(CompositeFilter.java:113)
	at org.springframework.web.servlet.handler.HandlerMappingIntrospector.lambda$createCacheFilter$3(HandlerMappingIntrospector.java:195)
	at org.springframework.web.filter.CompositeFilter$VirtualFilterChain.doFilter(CompositeFilter.java:113)
	at org.springframework.web.filter.CompositeFilter.doFilter(CompositeFilter.java:74)
	at org.springframework.security.config.annotation.web.configuration.WebMvcSecurityConfiguration$CompositeFilterChainProxy.doFilter(WebMvcSecurityConfiguration.java:225)
	at org.springframework.web.filter.DelegatingFilterProxy.invokeDelegate(DelegatingFilterProxy.java:352)
	at org.springframework.web.filter.DelegatingFilterProxy.doFilter(DelegatingFilterProxy.java:268)
	at org.apache.catalina.core.ApplicationFilterChain.internalDoFilter(ApplicationFilterChain.java:174)
	at org.apache.catalina.core.ApplicationFilterChain.doFilter(ApplicationFilterChain.java:149)
	at org.springframework.web.filter.RequestContextFilter.doFilterInternal(RequestContextFilter.java:100)
	at org.springframework.web.filter.OncePerRequestFilter.doFilter(OncePerRequestFilter.java:116)
	at org.apache.catalina.core.ApplicationFilterChain.internalDoFilter(ApplicationFilterChain.java:174)
	at org.apache.catalina.core.ApplicationFilterChain.doFilter(ApplicationFilterChain.java:149)
	at org.springframework.web.filter.FormContentFilter.doFilterInternal(FormContentFilter.java:93)
	at org.springframework.web.filter.OncePerRequestFilter.doFilter(OncePerRequestFilter.java:116)
	at org.apache.catalina.core.ApplicationFilterChain.internalDoFilter(ApplicationFilterChain.java:174)
	at org.apache.catalina.core.ApplicationFilterChain.doFilter(ApplicationFilterChain.java:149)
	at org.springframework.web.filter.CharacterEncodingFilter.doFilterInternal(CharacterEncodingFilter.java:201)
	at org.springframework.web.filter.OncePerRequestFilter.doFilter(OncePerRequestFilter.java:116)
	at org.apache.catalina.core.ApplicationFilterChain.internalDoFilter(ApplicationFilterChain.java:174)
	at org.apache.catalina.core.ApplicationFilterChain.doFilter(ApplicationFilterChain.java:149)
	at org.apache.catalina.core.StandardWrapperValve.invoke(StandardWrapperValve.java:167)
	at org.apache.catalina.core.StandardContextValve.invoke(StandardContextValve.java:90)
	at org.apache.catalina.authenticator.AuthenticatorBase.invoke(AuthenticatorBase.java:482)
	at org.apache.catalina.core.StandardHostValve.invoke(StandardHostValve.java:115)
	at org.apache.catalina.valves.ErrorReportValve.invoke(ErrorReportValve.java:93)
	at org.apache.catalina.core.StandardEngineValve.invoke(StandardEngineValve.java:74)
	at org.apache.catalina.connector.CoyoteAdapter.service(CoyoteAdapter.java:340)
	at org.apache.coyote.http11.Http11Processor.service(Http11Processor.java:391)
	at org.apache.coyote.AbstractProcessorLight.process(AbstractProcessorLight.java:63)
	at org.apache.coyote.AbstractProtocol$ConnectionHandler.process(AbstractProtocol.java:896)
	at org.apache.tomcat.util.net.NioEndpoint$SocketProcessor.doRun(NioEndpoint.java:1744)
	at org.apache.tomcat.util.net.SocketProcessorBase.run(SocketProcessorBase.java:52)
	at org.apache.tomcat.util.threads.ThreadPoolExecutor.runWorker(ThreadPoolExecutor.java:1191)
	at org.apache.tomcat.util.threads.ThreadPoolExecutor$Worker.run(ThreadPoolExecutor.java:659)
	at org.apache.tomcat.util.threads.TaskThread$WrappingRunnable.run(TaskThread.java:61)
	at java.base/java.lang.Thread.run(Thread.java:1583)
2026-02-03 11:12:54 ERROR [http-nio-8080-exec-1] c.r.exception.GlobalExceptionHandler - Error no manejado: 
java.lang.RuntimeException: Error al crear sesión de pago: No such price: 'price_1SpIyDFsWV55VVmHubJGXR4b'; code: resource_missing; request-id: req_AvH3Y0o4taowDn
	at com.reservas.service.StripeService.crearCheckoutSession(StripeService.java:162)
	at java.base/jdk.internal.reflect.DirectMethodHandleAccessor.invoke(DirectMethodHandleAccessor.java:103)
	at java.base/java.lang.reflect.Method.invoke(Method.java:580)
	at org.springframework.aop.support.AopUtils.invokeJoinpointUsingReflection(AopUtils.java:352)
	at org.springframework.aop.framework.ReflectiveMethodInvocation.invokeJoinpoint(ReflectiveMethodInvocation.java:196)
	at org.springframework.aop.framework.ReflectiveMethodInvocation.proceed(ReflectiveMethodInvocation.java:163)
	at org.springframework.aop.framework.CglibAopProxy$CglibMethodInvocation.proceed(CglibAopProxy.java:765)
	at org.springframework.transaction.interceptor.TransactionInterceptor$1.proceedWithInvocation(TransactionInterceptor.java:123)
	at org.springframework.transaction.interceptor.TransactionAspectSupport.invokeWithinTransaction(TransactionAspectSupport.java:385)
	at org.springframework.transaction.interceptor.TransactionInterceptor.invoke(TransactionInterceptor.java:119)
	at org.springframework.aop.framework.ReflectiveMethodInvocation.proceed(ReflectiveMethodInvocation.java:184)
	at org.springframework.aop.framework.CglibAopProxy$CglibMethodInvocation.proceed(CglibAopProxy.java:765)
	at org.springframework.aop.framework.CglibAopProxy$DynamicAdvisedInterceptor.intercept(CglibAopProxy.java:717)
	at com.reservas.service.StripeService$$SpringCGLIB$$0.crearCheckoutSession(<generated>)
	at com.reservas.controller.StripeController.crearCheckout(StripeController.java:48)
	at java.base/jdk.internal.reflect.DirectMethodHandleAccessor.invoke(DirectMethodHandleAccessor.java:103)
	at java.base/java.lang.reflect.Method.invoke(Method.java:580)
	at org.springframework.web.method.support.InvocableHandlerMethod.doInvoke(InvocableHandlerMethod.java:262)
	at org.springframework.web.method.support.InvocableHandlerMethod.invokeForRequest(InvocableHandlerMethod.java:190)
	at org.springframework.web.servlet.mvc.method.annotation.ServletInvocableHandlerMethod.invokeAndHandle(ServletInvocableHandlerMethod.java:118)
	at org.springframework.web.servlet.mvc.method.annotation.RequestMappingHandlerAdapter.invokeHandlerMethod(RequestMappingHandlerAdapter.java:917)
	at org.springframework.web.servlet.mvc.method.annotation.RequestMappingHandlerAdapter.handleInternal(RequestMappingHandlerAdapter.java:829)
	at org.springframework.web.servlet.mvc.method.AbstractHandlerMethodAdapter.handle(AbstractHandlerMethodAdapter.java:87)
	at org.springframework.web.servlet.DispatcherServlet.doDispatch(DispatcherServlet.java:1089)
	at org.springframework.web.servlet.DispatcherServlet.doService(DispatcherServlet.java:979)
	at org.springframework.web.servlet.FrameworkServlet.processRequest(FrameworkServlet.java:1014)
	at org.springframework.web.servlet.FrameworkServlet.doPost(FrameworkServlet.java:914)
	at jakarta.servlet.http.HttpServlet.service(HttpServlet.java:590)
	at org.springframework.web.servlet.FrameworkServlet.service(FrameworkServlet.java:885)
	at jakarta.servlet.http.HttpServlet.service(HttpServlet.java:658)
	at org.apache.catalina.core.ApplicationFilterChain.internalDoFilter(ApplicationFilterChain.java:205)
	at org.apache.catalina.core.ApplicationFilterChain.doFilter(ApplicationFilterChain.java:149)
	at org.apache.tomcat.websocket.server.WsFilter.doFilter(WsFilter.java:51)
	at org.apache.catalina.core.ApplicationFilterChain.internalDoFilter(ApplicationFilterChain.java:174)
	at org.apache.catalina.core.ApplicationFilterChain.doFilter(ApplicationFilterChain.java:149)
	at org.springframework.web.filter.OncePerRequestFilter.doFilter(OncePerRequestFilter.java:110)
	at org.apache.catalina.core.ApplicationFilterChain.internalDoFilter(ApplicationFilterChain.java:174)
	at org.apache.catalina.core.ApplicationFilterChain.doFilter(ApplicationFilterChain.java:149)
	at org.springframework.web.filter.CompositeFilter$VirtualFilterChain.doFilter(CompositeFilter.java:108)
	at org.springframework.security.web.FilterChainProxy.lambda$doFilterInternal$3(FilterChainProxy.java:231)
	at org.springframework.security.web.FilterChainProxy$VirtualFilterChain.doFilter(FilterChainProxy.java:365)
	at org.springframework.security.web.access.intercept.AuthorizationFilter.doFilter(AuthorizationFilter.java:100)
	at org.springframework.security.web.FilterChainProxy$VirtualFilterChain.doFilter(FilterChainProxy.java:374)
	at org.springframework.security.web.access.ExceptionTranslationFilter.doFilter(ExceptionTranslationFilter.java:126)
	at org.springframework.security.web.access.ExceptionTranslationFilter.doFilter(ExceptionTranslationFilter.java:120)
	at org.springframework.security.web.FilterChainProxy$VirtualFilterChain.doFilter(FilterChainProxy.java:374)
	at org.springframework.security.web.session.SessionManagementFilter.doFilter(SessionManagementFilter.java:131)
	at org.springframework.security.web.session.SessionManagementFilter.doFilter(SessionManagementFilter.java:85)
	at org.springframework.security.web.FilterChainProxy$VirtualFilterChain.doFilter(FilterChainProxy.java:374)
	at org.springframework.security.web.authentication.AnonymousAuthenticationFilter.doFilter(AnonymousAuthenticationFilter.java:100)
	at org.springframework.security.web.FilterChainProxy$VirtualFilterChain.doFilter(FilterChainProxy.java:374)
	at org.springframework.security.web.servletapi.SecurityContextHolderAwareRequestFilter.doFilter(SecurityContextHolderAwareRequestFilter.java:179)
	at org.springframework.security.web.FilterChainProxy$VirtualFilterChain.doFilter(FilterChainProxy.java:374)
	at org.springframework.security.web.savedrequest.RequestCacheAwareFilter.doFilter(RequestCacheAwareFilter.java:63)
	at org.springframework.security.web.FilterChainProxy$VirtualFilterChain.doFilter(FilterChainProxy.java:374)
	at com.reservas.security.JwtAuthenticationFilter.doFilterInternal(JwtAuthenticationFilter.java:56)
	at org.springframework.web.filter.OncePerRequestFilter.doFilter(OncePerRequestFilter.java:116)
	at org.springframework.security.web.FilterChainProxy$VirtualFilterChain.doFilter(FilterChainProxy.java:374)
	at org.springframework.security.web.authentication.logout.LogoutFilter.doFilter(LogoutFilter.java:107)
	at org.springframework.security.web.authentication.logout.LogoutFilter.doFilter(LogoutFilter.java:93)
	at org.springframework.security.web.FilterChainProxy$VirtualFilterChain.doFilter(FilterChainProxy.java:374)
	at org.springframework.web.filter.CorsFilter.doFilterInternal(CorsFilter.java:91)
	at org.springframework.web.filter.OncePerRequestFilter.doFilter(OncePerRequestFilter.java:116)
	at org.springframework.security.web.FilterChainProxy$VirtualFilterChain.doFilter(FilterChainProxy.java:374)
	at org.springframework.security.web.header.HeaderWriterFilter.doHeadersAfter(HeaderWriterFilter.java:90)
	at org.springframework.security.web.header.HeaderWriterFilter.doFilterInternal(HeaderWriterFilter.java:75)
	at org.springframework.web.filter.OncePerRequestFilter.doFilter(OncePerRequestFilter.java:116)
	at org.springframework.security.web.FilterChainProxy$VirtualFilterChain.doFilter(FilterChainProxy.java:374)
	at org.springframework.security.web.context.SecurityContextHolderFilter.doFilter(SecurityContextHolderFilter.java:82)
	at org.springframework.security.web.context.SecurityContextHolderFilter.doFilter(SecurityContextHolderFilter.java:69)
	at org.springframework.security.web.FilterChainProxy$VirtualFilterChain.doFilter(FilterChainProxy.java:374)
	at org.springframework.security.web.context.request.async.WebAsyncManagerIntegrationFilter.doFilterInternal(WebAsyncManagerIntegrationFilter.java:62)
	at org.springframework.web.filter.OncePerRequestFilter.doFilter(OncePerRequestFilter.java:116)
	at org.springframework.security.web.FilterChainProxy$VirtualFilterChain.doFilter(FilterChainProxy.java:374)
	at org.springframework.security.web.session.DisableEncodeUrlFilter.doFilterInternal(DisableEncodeUrlFilter.java:42)
	at org.springframework.web.filter.OncePerRequestFilter.doFilter(OncePerRequestFilter.java:116)
	at org.springframework.security.web.FilterChainProxy$VirtualFilterChain.doFilter(FilterChainProxy.java:374)
	at org.springframework.security.web.FilterChainProxy.doFilterInternal(FilterChainProxy.java:233)
	at org.springframework.security.web.FilterChainProxy.doFilter(FilterChainProxy.java:191)
	at org.springframework.web.filter.CompositeFilter$VirtualFilterChain.doFilter(CompositeFilter.java:113)
	at org.springframework.web.servlet.handler.HandlerMappingIntrospector.lambda$createCacheFilter$3(HandlerMappingIntrospector.java:195)
	at org.springframework.web.filter.CompositeFilter$VirtualFilterChain.doFilter(CompositeFilter.java:113)
	at org.springframework.web.filter.CompositeFilter.doFilter(CompositeFilter.java:74)
	at org.springframework.security.config.annotation.web.configuration.WebMvcSecurityConfiguration$CompositeFilterChainProxy.doFilter(WebMvcSecurityConfiguration.java:225)
	at org.springframework.web.filter.DelegatingFilterProxy.invokeDelegate(DelegatingFilterProxy.java:352)
	at org.springframework.web.filter.DelegatingFilterProxy.doFilter(DelegatingFilterProxy.java:268)
	at org.apache.catalina.core.ApplicationFilterChain.internalDoFilter(ApplicationFilterChain.java:174)
	at org.apache.catalina.core.ApplicationFilterChain.doFilter(ApplicationFilterChain.java:149)
	at org.springframework.web.filter.RequestContextFilter.doFilterInternal(RequestContextFilter.java:100)
	at org.springframework.web.filter.OncePerRequestFilter.doFilter(OncePerRequestFilter.java:116)
	at org.apache.catalina.core.ApplicationFilterChain.internalDoFilter(ApplicationFilterChain.java:174)
	at org.apache.catalina.core.ApplicationFilterChain.doFilter(ApplicationFilterChain.java:149)
	at org.springframework.web.filter.FormContentFilter.doFilterInternal(FormContentFilter.java:93)
	at org.springframework.web.filter.OncePerRequestFilter.doFilter(OncePerRequestFilter.java:116)
	at org.apache.catalina.core.ApplicationFilterChain.internalDoFilter(ApplicationFilterChain.java:174)
	at org.apache.catalina.core.ApplicationFilterChain.doFilter(ApplicationFilterChain.java:149)
	at org.springframework.web.filter.CharacterEncodingFilter.doFilterInternal(CharacterEncodingFilter.java:201)
	at org.springframework.web.filter.OncePerRequestFilter.doFilter(OncePerRequestFilter.java:116)
	at org.apache.catalina.core.ApplicationFilterChain.internalDoFilter(ApplicationFilterChain.java:174)
	at org.apache.catalina.core.ApplicationFilterChain.doFilter(ApplicationFilterChain.java:149)
	at org.apache.catalina.core.StandardWrapperValve.invoke(StandardWrapperValve.java:167)
	at org.apache.catalina.core.StandardContextValve.invoke(StandardContextValve.java:90)
	at org.apache.catalina.authenticator.AuthenticatorBase.invoke(AuthenticatorBase.java:482)
	at org.apache.catalina.core.StandardHostValve.invoke(StandardHostValve.java:115)
	at org.apache.catalina.valves.ErrorReportValve.invoke(ErrorReportValve.java:93)
	at org.apache.catalina.core.StandardEngineValve.invoke(StandardEngineValve.java:74)
	at org.apache.catalina.connector.CoyoteAdapter.service(CoyoteAdapter.java:340)
	at org.apache.coyote.http11.Http11Processor.service(Http11Processor.java:391)
	at org.apache.coyote.AbstractProcessorLight.process(AbstractProcessorLight.java:63)
	at org.apache.coyote.AbstractProtocol$ConnectionHandler.process(AbstractProtocol.java:896)
	at org.apache.tomcat.util.net.NioEndpoint$SocketProcessor.doRun(NioEndpoint.java:1744)
	at org.apache.tomcat.util.net.SocketProcessorBase.run(SocketProcessorBase.java:52)
	at org.apache.tomcat.util.threads.ThreadPoolExecutor.runWorker(ThreadPoolExecutor.java:1191)
	at org.apache.tomcat.util.threads.ThreadPoolExecutor$Worker.run(ThreadPoolExecutor.java:659)
	at org.apache.tomcat.util.threads.TaskThread$WrappingRunnable.run(TaskThread.java:61)
	at java.base/java.lang.Thread.run(Thread.java:1583)
[INFO] ------------------------------------------------------------------------
[INFO] BUILD FAILURE
[INFO] ------------------------------------------------------------------------
[INFO] Total time:  3 d 17:19 h
[INFO] Finished at: 2026-02-03T11:13:43-06:00
[INFO] ------------------------------------------------------------------------
[ERROR] Failed to execute goal org.springframework.boot:spring-boot-maven-plugin:3.2.1:run (default-cli) on project citaclick-backend: Process terminated with exit code: 143 -> [Help 1]
[ERROR] 
[ERROR] To see the full stack trace of the errors, re-run Maven with the -e switch.
[ERROR] Re-run Maven using the -X switch to enable full debug logging.
[ERROR] 
[ERROR] For more information about the errors and possible solutions, please read the following articles:
[ERROR] [Help 1] http://cwiki.apache.org/confluence/display/MAVEN/MojoExecutionException
